[INFO] unloading
[INFO] InitApis: HTTPX client closed

--- LuaTools Log Session Started ---
[INFO] bootstrapping LuaTools plugin, millennium v2.35.0
[INFO] LuaTools: Steam install path set to /home/star/.steam/steam
[INFO] LuaTools: Platform info: {'steam_root': '/home/star/.steam/steam', 'slssteam_installed': True, 'accela_installed': True, 'accela_dir': '/home/star/.local/share/ACCELA', 'slssteam_injection': {'patched': True, 'already_ok': False, 'error': None}}
[INFO] LuaTools: steam.sh already has SLSsteam injection
[INFO] InitApis: Initializing shared HTTP client...
[INFO] InitApis: HTTP client initialized
[INFO] LuaTools: Applist file already exists, skipping download
[INFO] Copying LuaTools web UI from /home/star/.local/share/millennium/plugins/LuaToolsLinux-testing/public/luatools.js to /home/star/.steam/steam/steamui/LuaTools/luatools.js
[INFO] LuaTools: Loading applist into memory...
[INFO] Copied LuaTools icon to /home/star/.steam/steam/steamui/LuaTools/luatools-icon.png
[INFO] LuaTools injected web UI: LuaTools/luatools.js
[INFO] InitApis: invoked
[INFO] InitApis: Local file exists -> /home/star/.local/share/millennium/plugins/LuaToolsLinux-testing/backend/api.json; skipping remote fetch
[INFO] InitApis: completed message=""
[INFO] InitApis (boot) return: {"success": true, "message": ""}
[INFO] AutoUpdate: Started periodic update check thread (every 2.0 hours)
[INFO] LuaTools: Loaded 291573 app names from applist into memory
[INFO] LuaTools: Downloading Games DB...
[INFO] LuaTools: Downloading Games DB from https://toolsdb.piqseu.cc/games.json
[INFO] [Frontend] LuaTools script loaded
[INFO] [Frontend] LuaTools: steamdbContainer not found
[INFO] InitApis: GetInitApisMessage invoked
[WARN] LuaTools: Failed to download Games DB: <urlopen error [Errno 101] Network is unreachable>
[INFO] LuaTools: Loading Games DB into memory...
[INFO] LuaTools: Loaded Games DB (119 entries)
[INFO] [Frontend] LuaTools script loaded
[INFO] InitApis: GetInitApisMessage invoked
[WARN] LuaTools: Generic fix check failed for 2841770: 'HTTPClient' object has no attribute 'head'
[WARN] LuaTools: Online-fix check failed for 2841770: 'HTTPClient' object has no attribute 'head'
[INFO] [Frontend] LuaTools button already exists, skipping
[INFO] [Frontend] LuaTools script loaded
[INFO] [Frontend] LuaTools: steamdbContainer not found
[INFO] InitApis: GetInitApisMessage invoked
[INFO] [Frontend] LuaTools script loaded
[INFO] InitApis: GetInitApisMessage invoked
[WARN] LuaTools: Generic fix check failed for 2379780: 'HTTPClient' object has no attribute 'head'
[WARN] LuaTools: Online-fix check failed for 2379780: 'HTTPClient' object has no attribute 'head'
[INFO] [Frontend] LuaTools button already exists, skipping
[INFO] LuaTools: Launched restart script: /tmp/luatools_restart_z72soft4.sh
[INFO] unloading
[INFO] InitApis: HTTP client closed

--- LuaTools Log Session Started ---
[INFO] bootstrapping LuaTools plugin, millennium v2.35.0
[INFO] LuaTools: Steam install path set to /home/star/.steam/steam
[INFO] LuaTools: Platform info: {'steam_root': '/home/star/.steam/steam', 'slssteam_installed': True, 'accela_installed': True, 'accela_dir': '/home/star/.local/share/ACCELA', 'slssteam_injection': {'patched': False, 'already_ok': True, 'error': None}}
[INFO] LuaTools: steam.sh already has SLSsteam injection
[INFO] InitApis: Initializing shared HTTP client...
[INFO] InitApis: HTTP client initialized
[INFO] Copying LuaTools web UI from /home/star/.local/share/millennium/plugins/LuaToolsLinux-testing/public/luatools.js to /home/star/.steam/steam/steamui/LuaTools/luatools.js
[INFO] LuaTools: Applist file already exists, skipping download
[INFO] LuaTools: Loading applist into memory...
[INFO] Copied LuaTools icon to /home/star/.steam/steam/steamui/LuaTools/luatools-icon.png
[INFO] LuaTools injected web UI: LuaTools/luatools.js
[INFO] InitApis: invoked
[INFO] InitApis: Local file exists -> /home/star/.local/share/millennium/plugins/LuaToolsLinux-testing/backend/api.json; skipping remote fetch
[INFO] InitApis: completed message=""
[INFO] InitApis (boot) return: {"success": true, "message": ""}
[INFO] AutoUpdate: Started periodic update check thread (every 2.0 hours)
[INFO] LuaTools: Loaded 291573 app names from applist into memory
[INFO] LuaTools: Downloading Games DB...
[INFO] LuaTools: Downloading Games DB from https://toolsdb.piqseu.cc/games.json
[INFO] [Frontend] LuaTools script loaded
[INFO] [Frontend] LuaTools: steamdbContainer not found
[INFO] InitApis: GetInitApisMessage invoked
[WARN] LuaTools: Failed to download Games DB: <urlopen error [Errno 101] Network is unreachable>
[INFO] LuaTools: Loading Games DB into memory...
[INFO] LuaTools: Loaded Games DB (119 entries)
[INFO] [Frontend] LuaTools script loaded
[INFO] InitApis: GetInitApisMessage invoked
[WARN] LuaTools: Generic fix check failed for 1868140: 'HTTPClient' object has no attribute 'head'
[WARN] LuaTools: Online-fix check failed for 1868140: 'HTTPClient' object has no attribute 'head'
[INFO] [Frontend] LuaTools button already exists, skipping
[INFO] LuaTools: Launched restart script: /tmp/luatools_restart_0d7k9nmi.sh
[INFO] unloading
[INFO] InitApis: HTTP client closed

--- LuaTools Log Session Started ---
[INFO] bootstrapping LuaTools plugin, millennium v2.35.0
[INFO] LuaTools: Steam install path set to /home/star/.steam/steam
[INFO] LuaTools: Platform info: {'steam_root': '/home/star/.steam/steam', 'slssteam_installed': True, 'accela_installed': True, 'accela_dir': '/home/star/.local/share/ACCELA', 'slssteam_injection': {'patched': False, 'already_ok': True, 'error': None}}
[INFO] LuaTools: steam.sh already has SLSsteam injection
[INFO] InitApis: Initializing shared HTTP client...
[INFO] InitApis: HTTP client initialized
[INFO] LuaTools: Applist file already exists, skipping download
[INFO] Copying LuaTools web UI from /home/star/.local/share/millennium/plugins/LuaToolsLinux-testing/public/luatools.js to /home/star/.steam/steam/steamui/LuaTools/luatools.js
[INFO] LuaTools: Loading applist into memory...
[INFO] Copied LuaTools icon to /home/star/.steam/steam/steamui/LuaTools/luatools-icon.png
[INFO] LuaTools injected web UI: LuaTools/luatools.js
[INFO] InitApis: invoked
[INFO] InitApis: Local file exists -> /home/star/.local/share/millennium/plugins/LuaToolsLinux-testing/backend/api.json; skipping remote fetch
[INFO] InitApis: completed message=""
[INFO] InitApis (boot) return: {"success": true, "message": ""}
[INFO] AutoUpdate: Started periodic update check thread (every 2.0 hours)
[INFO] LuaTools: Loaded 291573 app names from applist into memory
[INFO] LuaTools: Downloading Games DB...
[INFO] LuaTools: Downloading Games DB from https://toolsdb.piqseu.cc/games.json
[INFO] [Frontend] LuaTools script loaded
[INFO] [Frontend] LuaTools: steamdbContainer not found
[INFO] InitApis: GetInitApisMessage invoked
[WARN] LuaTools: Failed to download Games DB: <urlopen error [Errno 101] Network is unreachable>
[INFO] LuaTools: Loading Games DB into memory...
[INFO] LuaTools: Loaded Games DB (119 entries)
[INFO] [Frontend] LuaTools script loaded
[INFO] InitApis: GetInitApisMessage invoked
[WARN] LuaTools: Generic fix check failed for 1159690: 'HTTPClient' object has no attribute 'head'
[WARN] LuaTools: Online-fix check failed for 1159690: 'HTTPClient' object has no attribute 'head'
[INFO] [Frontend] LuaTools button already exists, skipping
[INFO] AutoUpdate: Running periodic background check...
[INFO] AutoUpdate: Running periodic background check...
[INFO] [Frontend] LuaTools script loaded
[INFO] [Frontend] LuaTools: steamdbContainer not found
[INFO] InitApis: GetInitApisMessage invoked
[INFO] [Frontend] LuaTools script loaded
[INFO] InitApis: GetInitApisMessage invoked
[WARN] LuaTools: Generic fix check failed for 1808500: 'HTTPClient' object has no attribute 'head'
[WARN] LuaTools: Online-fix check failed for 1808500: 'HTTPClient' object has no attribute 'head'
[INFO] [Frontend] LuaTools button already exists, skipping
[INFO] [Frontend] LuaTools script loaded
[INFO] InitApis: GetInitApisMessage invoked
[WARN] LuaTools: Generic fix check failed for 2119830: 'HTTPClient' object has no attribute 'head'
[WARN] LuaTools: Online-fix check failed for 2119830: 'HTTPClient' object has no attribute 'head'
[INFO] [Frontend] LuaTools button already exists, skipping

--- LuaTools Log Session Started ---
[INFO] bootstrapping LuaTools plugin, millennium v2.35.0
[INFO] LuaTools: Steam install path set to /home/star/.steam/steam
[INFO] LuaTools: Platform info: {'steam_root': '/home/star/.steam/steam', 'slssteam_installed': True, 'accela_installed': True, 'accela_dir': '/home/star/.local/share/ACCELA', 'slssteam_injection': {'patched': False, 'already_ok': True, 'error': None}}
[INFO] LuaTools: steam.sh already has SLSsteam injection
[INFO] InitApis: Initializing shared HTTP client...
[INFO] InitApis: HTTP client initialized
[INFO] Copying LuaTools web UI from /home/star/.local/share/millennium/plugins/LuaToolsLinux-testing/public/luatools.js to /home/star/.steam/steam/steamui/LuaTools/luatools.js
[INFO] LuaTools: Applist file already exists, skipping download
[INFO] LuaTools: Loading applist into memory...
[INFO] Copied LuaTools icon to /home/star/.steam/steam/steamui/LuaTools/luatools-icon.png
[INFO] LuaTools injected web UI: LuaTools/luatools.js
[INFO] InitApis: invoked
[INFO] InitApis: Local file exists -> /home/star/.local/share/millennium/plugins/LuaToolsLinux-testing/backend/api.json; skipping remote fetch
[INFO] InitApis: completed message=""
[INFO] InitApis (boot) return: {"success": true, "message": ""}
[INFO] AutoUpdate: Started periodic update check thread (every 2.0 hours)
[INFO] LuaTools: Loaded 291573 app names from applist into memory
[INFO] LuaTools: Downloading Games DB...
[INFO] LuaTools: Downloading Games DB from https://toolsdb.piqseu.cc/games.json
[INFO] [Frontend] LuaTools script loaded
[INFO] [Frontend] LuaTools: steamdbContainer not found
[INFO] InitApis: GetInitApisMessage invoked
[INFO] [Frontend] LuaTools script loaded
[INFO] InitApis: GetInitApisMessage invoked
[INFO] LuaTools: Downloading Games DB...
[INFO] LuaTools: Downloading Games DB from https://toolsdb.piqseu.cc/games.json
[WARN] LuaTools: Failed to download Games DB: <urlopen error [Errno 101] Network is unreachable>
[INFO] LuaTools: Loading Games DB into memory...
[INFO] LuaTools: Loaded Games DB (119 entries)

--- LuaTools Log Session Started ---
[INFO] bootstrapping LuaTools plugin, millennium v2.35.0
[INFO] LuaTools: Steam install path set to /home/star/.steam/steam
[INFO] LuaTools: Platform info: {'steam_root': '/home/star/.steam/steam', 'slssteam_installed': True, 'accela_installed': True, 'accela_dir': '/home/star/.local/share/ACCELA', 'slssteam_injection': {'patched': False, 'already_ok': True, 'error': None}}
[INFO] LuaTools: steam.sh already has SLSsteam injection
[INFO] InitApis: Initializing shared HTTP client...
[INFO] InitApis: HTTP client initialized
[INFO] Copying LuaTools web UI from /home/star/.local/share/millennium/plugins/LuaToolsLinux-testing/public/luatools.js to /home/star/.steam/steam/steamui/LuaTools/luatools.js
[INFO] LuaTools: Applist file already exists, skipping download
[INFO] LuaTools: Loading applist into memory...
[INFO] Copied LuaTools icon to /home/star/.steam/steam/steamui/LuaTools/luatools-icon.png
[INFO] LuaTools injected web UI: LuaTools/luatools.js
[INFO] InitApis: invoked
[INFO] InitApis: Local file exists -> /home/star/.local/share/millennium/plugins/LuaToolsLinux-testing/backend/api.json; skipping remote fetch
[INFO] InitApis: completed message=""
[INFO] InitApis (boot) return: {"success": true, "message": ""}
[INFO] AutoUpdate: Started periodic update check thread (every 2.0 hours)
[INFO] LuaTools: Loaded 291573 app names from applist into memory
[INFO] LuaTools: Downloading Games DB...
[INFO] LuaTools: Downloading Games DB from https://toolsdb.piqseu.cc/games.json
[INFO] [Frontend] LuaTools script loaded
[INFO] [Frontend] LuaTools: steamdbContainer not found
[INFO] InitApis: GetInitApisMessage invoked
[WARN] LuaTools: Failed to download Games DB: <urlopen error [Errno 101] Network is unreachable>
[INFO] LuaTools: Loading Games DB into memory...
[INFO] LuaTools: Loaded Games DB (119 entries)
[INFO] [Frontend] LuaTools script loaded
[INFO] [Frontend] LuaTools: steamdbContainer not found
[INFO] InitApis: GetInitApisMessage invoked
[INFO] [Frontend] LuaTools script loaded
[INFO] [Frontend] LuaTools: steamdbContainer not found
[INFO] InitApis: GetInitApisMessage invoked
[WARN] LuaTools: Generic fix check failed for 3929760: 'HTTPClient' object has no attribute 'head'
[WARN] LuaTools: Online-fix check failed for 3929760: 'HTTPClient' object has no attribute 'head'
[INFO] [Frontend] LuaTools button already exists, skipping
[INFO] [Frontend] LuaTools script loaded
[INFO] [Frontend] LuaTools: steamdbContainer not found
[INFO] InitApis: GetInitApisMessage invoked
[INFO] [Frontend] LuaTools script loaded
[INFO] InitApis: GetInitApisMessage invoked
[WARN] LuaTools: Generic fix check failed for 1590750: 'HTTPClient' object has no attribute 'head'
[WARN] LuaTools: Online-fix check failed for 1590750: 'HTTPClient' object has no attribute 'head'
[INFO] [Frontend] LuaTools button already exists, skipping
[INFO] [Frontend] LuaTools script loaded
[INFO] [Frontend] LuaTools: steamdbContainer not found
[INFO] InitApis: GetInitApisMessage invoked
[INFO] [Frontend] LuaTools script loaded
[INFO] [Frontend] LuaTools: steamdbContainer not found
[INFO] InitApis: GetInitApisMessage invoked
